<?xml version="1.0" encoding="UTF-8"?>
<coverage generated="1576224936585" clover="3.2.0">
  <project timestamp="1576224936585" name="All files">
    <metrics statements="18" coveredstatements="10" conditionals="4" coveredconditionals="0" methods="6" coveredmethods="0" elements="28" coveredelements="10" complexity="0" loc="18" ncloc="18" packages="1" files="2" classes="2"/>
    <file name="cars.controller.ts" path="/Users/user/tests/CarApplication/nest-app/src/cars/cars.controller.ts">
      <metrics statements="16" coveredstatements="8" conditionals="4" coveredconditionals="0" methods="6" coveredmethods="0"/>
      <line num="1" count="1" type="stmt"/>
      <line num="5" count="1" type="stmt"/>
      <line num="7" count="1" type="stmt"/>
      <line num="8" count="0" type="cond" truecount="0" falsecount="2"/>
      <line num="9" count="0" type="cond" truecount="0" falsecount="2"/>
      <line num="10" count="0" type="stmt"/>
      <line num="16" count="1" type="stmt"/>
      <line num="17" count="0" type="stmt"/>
      <line num="21" count="1" type="stmt"/>
      <line num="22" count="0" type="stmt"/>
      <line num="26" count="1" type="stmt"/>
      <line num="27" count="0" type="stmt"/>
      <line num="33" count="1" type="stmt"/>
      <line num="34" count="0" type="stmt"/>
      <line num="38" count="1" type="stmt"/>
      <line num="39" count="0" type="stmt"/>
    </file>
    <file name="cars.service.ts" path="/Users/user/tests/CarApplication/nest-app/src/cars/cars.service.ts">
      <metrics statements="2" coveredstatements="2" conditionals="0" coveredconditionals="0" methods="0" coveredmethods="0"/>
      <line num="1" count="1" type="stmt"/>
      <line num="4" count="1" type="stmt"/>
    </file>
  </project>
</coverage>
